09-18-2016 05-41-57-4328 PM : Inserted : The Human Centipede (First Sequence) (2009)
---------------------------------------------------------------------------------------------------
09-18-2016 05-41-57-4599 PM : Inserted : The Human Centipede (First Sequence) (2009)
---------------------------------------------------------------------------------------------------
09-18-2016 05-41-57-4729 PM : Inserted : The Division Agent Origins (2016)
---------------------------------------------------------------------------------------------------
09-18-2016 05-41-57-4819 PM : Inserted : The Division Agent Origins (2016)
---------------------------------------------------------------------------------------------------
09-18-2016 05-41-57-4909 PM : Inserted : The Division Agent Origins (2016)
---------------------------------------------------------------------------------------------------
09-18-2016 05-41-57-5199 PM : Inserted : The Division Agent Origins (2016)
---------------------------------------------------------------------------------------------------
09-18-2016 05-41-57-5630 PM : Inserted : The Division Agent Origins (2016)
---------------------------------------------------------------------------------------------------
09-18-2016 05-41-57-5697 PM : Inserted : The Division Agent Origins (2016)
---------------------------------------------------------------------------------------------------
09-18-2016 05-41-57-5793 PM : Inserted : The Croods (2013)
---------------------------------------------------------------------------------------------------
09-18-2016 05-41-57-5881 PM : Inserted : The Croods (2013)
---------------------------------------------------------------------------------------------------
09-18-2016 05-41-57-5979 PM : Inserted : The Croods (2013)
---------------------------------------------------------------------------------------------------
09-18-2016 05-41-57-6049 PM : Inserted : The Croods (2013)
---------------------------------------------------------------------------------------------------
09-18-2016 05-41-57-6279 PM : Inserted : The Croods (2013)
---------------------------------------------------------------------------------------------------
09-18-2016 05-41-57-6479 PM : Inserted : The Croods (2013)
---------------------------------------------------------------------------------------------------
09-18-2016 05-41-57-6579 PM : Inserted : The Crazies (2010)
---------------------------------------------------------------------------------------------------
09-18-2016 05-41-57-6759 PM : Inserted : The Crazies (2010)
---------------------------------------------------------------------------------------------------
09-18-2016 05-41-57-6849 PM : Inserted : The Crazies (2010)
---------------------------------------------------------------------------------------------------
09-18-2016 05-41-57-7180 PM : Inserted : The Crazies (2010)
---------------------------------------------------------------------------------------------------
09-18-2016 05-41-57-7270 PM : Inserted : The Crazies (2010)
---------------------------------------------------------------------------------------------------
09-18-2016 05-41-57-7360 PM : Inserted : The Crazies (2010)
---------------------------------------------------------------------------------------------------
09-18-2016 05-41-57-7450 PM : Inserted : The Crazies (2010)
---------------------------------------------------------------------------------------------------
09-18-2016 05-41-57-7570 PM : Inserted : The Crazies (2010)
---------------------------------------------------------------------------------------------------
09-18-2016 05-41-57-7670 PM : Inserted : The Conjuring 2 (2016)
---------------------------------------------------------------------------------------------------
09-18-2016 05-41-57-7925 PM : Inserted : The Conjuring 2 (2016)
---------------------------------------------------------------------------------------------------
09-18-2016 05-41-57-8001 PM : Inserted : The Conjuring 2 (2016)
---------------------------------------------------------------------------------------------------
09-18-2016 05-41-57-8092 PM : Inserted : The Conjuring 2 (2016)
---------------------------------------------------------------------------------------------------
09-18-2016 05-41-57-8171 PM : Inserted : The Conjuring 2 (2016)
---------------------------------------------------------------------------------------------------
09-18-2016 05-41-57-8247 PM : Inserted : The Conjuring 2 (2016)
---------------------------------------------------------------------------------------------------
09-18-2016 05-41-57-8338 PM : Inserted : The Conjuring 2 (2016)
---------------------------------------------------------------------------------------------------
09-18-2016 05-41-57-8417 PM : Inserted : The Conjuring 2 (2016)
---------------------------------------------------------------------------------------------------
09-18-2016 05-41-57-8520 PM : Inserted : The Admiral Roaring Currents 2014
---------------------------------------------------------------------------------------------------
09-18-2016 05-41-57-8610 PM : Inserted : The Admiral Roaring Currents 2014
---------------------------------------------------------------------------------------------------
09-18-2016 05-41-57-8710 PM : Inserted : The Admiral Roaring Currents 2014
---------------------------------------------------------------------------------------------------
09-18-2016 05-41-57-8800 PM : Inserted : The Admiral Roaring Currents 2014
---------------------------------------------------------------------------------------------------
09-18-2016 05-41-57-8890 PM : Inserted : The Admiral Roaring Currents 2014
---------------------------------------------------------------------------------------------------
09-18-2016 05-41-57-9281 PM : Inserted : The Admiral Roaring Currents 2014
---------------------------------------------------------------------------------------------------
09-18-2016 05-41-57-9571 PM : Inserted : The 40 Year Old Virgin (2005)
---------------------------------------------------------------------------------------------------
09-18-2016 05-41-57-9671 PM : Inserted : The 40 Year Old Virgin (2005)
---------------------------------------------------------------------------------------------------
09-18-2016 05-41-57-9751 PM : Inserted : The 40 Year Old Virgin (2005)
---------------------------------------------------------------------------------------------------
09-18-2016 05-41-57-9831 PM : Inserted : The 40 Year Old Virgin (2005)
---------------------------------------------------------------------------------------------------
09-18-2016 05-41-58-0151 PM : Inserted : The 40 Year Old Virgin (2005)
---------------------------------------------------------------------------------------------------
09-18-2016 05-41-58-0407 PM : Inserted : The 40 Year Old Virgin (2005)
---------------------------------------------------------------------------------------------------
09-18-2016 05-41-58-0488 PM : Inserted : The 40 Year Old Virgin (2005)
---------------------------------------------------------------------------------------------------
09-18-2016 05-41-58-0578 PM : Inserted : The 40 Year Old Virgin (2005)
---------------------------------------------------------------------------------------------------
09-18-2016 05-41-58-0653 PM : Inserted : The 40 Year Old Virgin (2005)
---------------------------------------------------------------------------------------------------
09-18-2016 05-41-58-0733 PM : Inserted : The 40 Year Old Virgin (2005)
---------------------------------------------------------------------------------------------------
09-18-2016 05-41-58-0995 PM : Inserted : Tekken Blood Vengeance (2011)
---------------------------------------------------------------------------------------------------
09-18-2016 05-41-58-1075 PM : Inserted : Tekken Blood Vengeance (2011)
---------------------------------------------------------------------------------------------------
09-18-2016 05-41-58-1175 PM : Inserted : Tekken Blood Vengeance (2011)
---------------------------------------------------------------------------------------------------
09-18-2016 05-41-58-1255 PM : Inserted : Tekken Blood Vengeance (2011)
---------------------------------------------------------------------------------------------------
09-18-2016 05-41-58-1335 PM : Inserted : Tekken Blood Vengeance (2011)
---------------------------------------------------------------------------------------------------
09-18-2016 05-41-58-1606 PM : Inserted : Tekken Blood Vengeance (2011)
---------------------------------------------------------------------------------------------------
09-18-2016 05-41-58-2006 PM : Inserted : Tekken Blood Vengeance (2011)
---------------------------------------------------------------------------------------------------
09-18-2016 05-41-58-2096 PM : Inserted : Tekken Blood Vengeance (2011)
---------------------------------------------------------------------------------------------------
09-18-2016 05-41-58-2496 PM : Inserted : Tekken Blood Vengeance (2011)
---------------------------------------------------------------------------------------------------
09-18-2016 05-41-58-2616 PM : Inserted : Superman Unbound (2013)
---------------------------------------------------------------------------------------------------
09-18-2016 05-41-58-2696 PM : Inserted : Superman Unbound (2013)
---------------------------------------------------------------------------------------------------
09-18-2016 05-41-58-2969 PM : Inserted : Superman Unbound (2013)
---------------------------------------------------------------------------------------------------
09-18-2016 05-41-58-3058 PM : Inserted : Superman Unbound (2013)
---------------------------------------------------------------------------------------------------
09-18-2016 05-41-58-3133 PM : Inserted : Superman Unbound (2013)
---------------------------------------------------------------------------------------------------
09-18-2016 05-41-58-3213 PM : Inserted : Superman Unbound (2013)
---------------------------------------------------------------------------------------------------
09-18-2016 05-41-58-3283 PM : Inserted : Superman Unbound (2013)
---------------------------------------------------------------------------------------------------
09-18-2016 05-41-58-3363 PM : Inserted : Superman Unbound (2013)
---------------------------------------------------------------------------------------------------
09-18-2016 05-41-58-3433 PM : Inserted : Superman Unbound (2013)
---------------------------------------------------------------------------------------------------
09-18-2016 05-41-58-3523 PM : Inserted : Super 8 (2011)
---------------------------------------------------------------------------------------------------
09-18-2016 05-41-58-3613 PM : Inserted : Super 8 (2011)
---------------------------------------------------------------------------------------------------
09-18-2016 05-41-58-5420 PM : Inserted : Super 8 (2011)
---------------------------------------------------------------------------------------------------
09-18-2016 05-41-58-5531 PM : Inserted : Super 8 (2011)
---------------------------------------------------------------------------------------------------
09-18-2016 05-41-58-5630 PM : Inserted : Super 8 (2011)
---------------------------------------------------------------------------------------------------
09-18-2016 05-41-58-7191 PM : Inserted : Super 8 (2011)
---------------------------------------------------------------------------------------------------
09-18-2016 05-41-58-7581 PM : Inserted : Super 8 (2011)
---------------------------------------------------------------------------------------------------
09-18-2016 05-41-58-7661 PM : Inserted : Super 8 (2011)
---------------------------------------------------------------------------------------------------
09-18-2016 05-41-58-7751 PM : Inserted : Super 8 (2011)
---------------------------------------------------------------------------------------------------
09-18-2016 05-41-58-7851 PM : Inserted : Summer Camp (2015)
---------------------------------------------------------------------------------------------------
09-18-2016 05-41-58-7971 PM : Inserted : Summer Camp (2015)
---------------------------------------------------------------------------------------------------
09-18-2016 05-41-58-8071 PM : Inserted : Summer Camp (2015)
---------------------------------------------------------------------------------------------------
09-18-2016 05-41-58-8161 PM : Inserted : Summer Camp (2015)
---------------------------------------------------------------------------------------------------
09-18-2016 05-41-58-8261 PM : Inserted : Summer Camp (2015)
---------------------------------------------------------------------------------------------------
09-18-2016 05-41-58-8582 PM : Inserted : Stung (2015)
---------------------------------------------------------------------------------------------------
09-18-2016 05-41-58-8682 PM : Inserted : Stung (2015)
---------------------------------------------------------------------------------------------------
09-18-2016 05-41-58-8763 PM : Inserted : Stung (2015)
---------------------------------------------------------------------------------------------------
09-18-2016 05-41-58-8849 PM : Inserted : Stung (2015)
---------------------------------------------------------------------------------------------------
09-18-2016 05-41-58-8919 PM : Inserted : Stung (2015)
---------------------------------------------------------------------------------------------------
09-18-2016 05-41-58-8999 PM : Inserted : Stung (2015)
---------------------------------------------------------------------------------------------------
09-18-2016 05-41-58-9072 PM : Inserted : Street Kings (2008)
---------------------------------------------------------------------------------------------------
09-18-2016 05-41-58-9152 PM : Inserted : Street Kings (2008)
---------------------------------------------------------------------------------------------------
09-18-2016 05-41-58-9232 PM : Inserted : Street Kings (2008)
---------------------------------------------------------------------------------------------------
09-18-2016 05-41-58-9312 PM : Inserted : Street Kings (2008)
---------------------------------------------------------------------------------------------------
09-18-2016 05-41-58-9402 PM : Inserted : Street Kings (2008)
---------------------------------------------------------------------------------------------------
09-18-2016 05-41-58-9492 PM : Inserted : Street Kings (2008)
---------------------------------------------------------------------------------------------------
09-18-2016 05-41-58-9602 PM : Inserted : Street Kings (2008)
---------------------------------------------------------------------------------------------------
09-18-2016 05-41-58-9692 PM : Inserted : Street Kings (2008)
---------------------------------------------------------------------------------------------------
09-18-2016 05-41-59-0032 PM : Inserted : Street Kings (2008)
---------------------------------------------------------------------------------------------------
09-18-2016 05-41-59-0323 PM : Inserted : Street Kings (2008)
---------------------------------------------------------------------------------------------------
09-18-2016 05-41-59-0423 PM : Inserted : Stormbreaker (2006)
---------------------------------------------------------------------------------------------------
09-18-2016 05-41-59-0513 PM : Inserted : Stormbreaker (2006)
---------------------------------------------------------------------------------------------------
09-18-2016 05-41-59-0593 PM : Inserted : Stormbreaker (2006)
---------------------------------------------------------------------------------------------------
09-18-2016 05-41-59-0883 PM : Inserted : Stormbreaker (2006)
---------------------------------------------------------------------------------------------------
09-18-2016 05-41-59-1123 PM : Inserted : Stormbreaker (2006)
---------------------------------------------------------------------------------------------------
09-18-2016 05-41-59-1203 PM : Inserted : Stormbreaker (2006)
---------------------------------------------------------------------------------------------------
09-18-2016 05-41-59-1283 PM : Inserted : Stormbreaker (2006)
---------------------------------------------------------------------------------------------------
09-18-2016 05-41-59-1363 PM : Inserted : Stormbreaker (2006)
---------------------------------------------------------------------------------------------------
09-18-2016 05-41-59-1453 PM : Inserted : Stealth (2005)
---------------------------------------------------------------------------------------------------
09-18-2016 05-41-59-1529 PM : Inserted : Stealth (2005)
---------------------------------------------------------------------------------------------------
09-18-2016 05-41-59-1610 PM : Inserted : Stealth (2005)
---------------------------------------------------------------------------------------------------
09-18-2016 05-41-59-1688 PM : Inserted : Stealth (2005)
---------------------------------------------------------------------------------------------------
09-18-2016 05-41-59-1768 PM : Inserted : Stealth (2005)
---------------------------------------------------------------------------------------------------
09-18-2016 05-41-59-1858 PM : Inserted : Stealth (2005)
---------------------------------------------------------------------------------------------------
09-18-2016 05-41-59-1958 PM : Inserted : Stealth (2005)
---------------------------------------------------------------------------------------------------
09-18-2016 05-41-59-2069 PM : Inserted : Stealth (2005)
---------------------------------------------------------------------------------------------------
09-18-2016 05-41-59-2159 PM : Inserted : Stealth (2005)
---------------------------------------------------------------------------------------------------
09-18-2016 05-41-59-2249 PM : Inserted : Starter for 10 (2006)
---------------------------------------------------------------------------------------------------
09-18-2016 05-41-59-2329 PM : Inserted : Starter for 10 (2006)
---------------------------------------------------------------------------------------------------
09-18-2016 05-41-59-2419 PM : Inserted : Starter for 10 (2006)
---------------------------------------------------------------------------------------------------
09-18-2016 05-41-59-2509 PM : Inserted : Starter for 10 (2006)
---------------------------------------------------------------------------------------------------
09-18-2016 05-41-59-2599 PM : Inserted : Starter for 10 (2006)
---------------------------------------------------------------------------------------------------
09-18-2016 05-41-59-2899 PM : Inserted : Starter for 10 (2006)
---------------------------------------------------------------------------------------------------
09-18-2016 05-41-59-3219 PM : Inserted : Starter for 10 (2006)
---------------------------------------------------------------------------------------------------
09-18-2016 05-41-59-3339 PM : Inserted : Star Wars The Force Awakens (2015)
---------------------------------------------------------------------------------------------------
09-18-2016 05-41-59-3450 PM : Inserted : Star Wars The Force Awakens (2015)
---------------------------------------------------------------------------------------------------
09-18-2016 05-41-59-3700 PM : Inserted : Star Wars The Force Awakens (2015)
---------------------------------------------------------------------------------------------------
09-18-2016 05-41-59-3776 PM : Inserted : Star Wars The Force Awakens (2015)
---------------------------------------------------------------------------------------------------
09-18-2016 05-41-59-3876 PM : Inserted : Star Wars The Force Awakens (2015)
---------------------------------------------------------------------------------------------------
09-18-2016 05-41-59-3943 PM : Inserted : Star Wars The Force Awakens (2015)
---------------------------------------------------------------------------------------------------
09-18-2016 05-41-59-4024 PM : Inserted : Star Wars The Force Awakens (2015)
---------------------------------------------------------------------------------------------------
09-18-2016 05-41-59-4104 PM : Inserted : Star Wars The Force Awakens (2015)
---------------------------------------------------------------------------------------------------
09-18-2016 05-41-59-4184 PM : Inserted : Star Wars The Force Awakens (2015)
---------------------------------------------------------------------------------------------------
09-18-2016 05-41-59-4284 PM : Inserted : Southpaw (2015)
---------------------------------------------------------------------------------------------------
09-18-2016 05-41-59-4374 PM : Inserted : Southpaw (2015)
---------------------------------------------------------------------------------------------------
09-18-2016 05-41-59-4524 PM : Inserted : Southpaw (2015)
---------------------------------------------------------------------------------------------------
09-18-2016 05-41-59-4615 PM : Inserted : Southpaw (2015)
---------------------------------------------------------------------------------------------------
09-18-2016 05-41-59-4705 PM : Inserted : Southpaw (2015)
---------------------------------------------------------------------------------------------------
09-18-2016 05-41-59-4794 PM : Inserted : Southpaw (2015)
---------------------------------------------------------------------------------------------------
09-18-2016 05-41-59-4884 PM : Inserted : Southpaw (2015)
---------------------------------------------------------------------------------------------------
09-18-2016 05-41-59-4975 PM : Inserted : Southpaw (2015)
---------------------------------------------------------------------------------------------------
09-18-2016 05-41-59-5065 PM : Inserted : Southpaw (2015)
---------------------------------------------------------------------------------------------------
09-18-2016 05-41-59-5155 PM : Inserted : Southbound (2016)
---------------------------------------------------------------------------------------------------
09-18-2016 05-41-59-5235 PM : Inserted : Southbound (2016)
---------------------------------------------------------------------------------------------------
09-18-2016 05-41-59-5335 PM : Inserted : Southbound (2016)
---------------------------------------------------------------------------------------------------
09-18-2016 05-41-59-6906 PM : Inserted : Southbound (2016)
---------------------------------------------------------------------------------------------------
09-18-2016 05-41-59-7116 PM : Inserted : Southbound (2016)
---------------------------------------------------------------------------------------------------
09-18-2016 05-41-59-7246 PM : Inserted : Southbound (2016)
---------------------------------------------------------------------------------------------------
09-18-2016 05-41-59-7376 PM : Inserted : Southbound (2016)
---------------------------------------------------------------------------------------------------
09-18-2016 05-41-59-7466 PM : Inserted : Southbound (2016)
---------------------------------------------------------------------------------------------------
09-18-2016 05-41-59-7566 PM : Inserted : Sinister Squad (2016)
---------------------------------------------------------------------------------------------------
09-18-2016 05-41-59-7657 PM : Inserted : Sinister Squad (2016)
---------------------------------------------------------------------------------------------------
09-18-2016 05-41-59-7747 PM : Inserted : Sinister Squad (2016)
---------------------------------------------------------------------------------------------------
09-18-2016 05-41-59-8037 PM : Inserted : Sinister Squad (2016)
---------------------------------------------------------------------------------------------------
09-18-2016 05-41-59-8137 PM : Inserted : Sinister Squad (2016)
---------------------------------------------------------------------------------------------------
09-18-2016 05-41-59-8227 PM : Inserted : Sinister Squad (2016)
---------------------------------------------------------------------------------------------------
09-18-2016 05-41-59-8327 PM : Inserted : Sala Khadoos 2016 Hindi 720p DvDRip x264 AAC - Hon3y
---------------------------------------------------------------------------------------------------
09-18-2016 05-41-59-8417 PM : Inserted : Sala Khadoos 2016 Hindi 720p DvDRip x264 AAC - Hon3y
---------------------------------------------------------------------------------------------------
09-18-2016 05-41-59-8517 PM : Inserted : Rustom (2016)
---------------------------------------------------------------------------------------------------
09-18-2016 05-41-59-8599 PM : Inserted : Rustom (2016)
---------------------------------------------------------------------------------------------------
09-18-2016 05-41-59-8679 PM : Inserted : Rustom (2016)
---------------------------------------------------------------------------------------------------
09-18-2016 05-41-59-8759 PM : Inserted : Rustom (2016)
---------------------------------------------------------------------------------------------------
09-18-2016 05-41-59-8842 PM : Inserted : Rustom (2016)
---------------------------------------------------------------------------------------------------
09-18-2016 05-41-59-8919 PM : Inserted : Resident Evil Apocalypse (2004)
---------------------------------------------------------------------------------------------------
09-18-2016 05-41-59-8999 PM : Inserted : Resident Evil Apocalypse (2004)
---------------------------------------------------------------------------------------------------
09-18-2016 05-41-59-9079 PM : Inserted : Resident Evil Apocalypse (2004)
---------------------------------------------------------------------------------------------------
09-18-2016 05-41-59-9179 PM : Inserted : Resident Evil Apocalypse (2004)
---------------------------------------------------------------------------------------------------
09-18-2016 05-41-59-9259 PM : Inserted : Resident Evil Apocalypse (2004)
---------------------------------------------------------------------------------------------------
09-18-2016 05-41-59-9339 PM : Inserted : Resident Evil Apocalypse (2004)
---------------------------------------------------------------------------------------------------
09-18-2016 05-41-59-9620 PM : Inserted : Resident Evil Apocalypse (2004)
---------------------------------------------------------------------------------------------------
09-18-2016 05-41-59-9700 PM : Inserted : Resident Evil Apocalypse (2004)
---------------------------------------------------------------------------------------------------
09-18-2016 05-41-59-9790 PM : Inserted : Resident Evil Apocalypse (2004)
---------------------------------------------------------------------------------------------------
09-18-2016 05-42-00-0090 PM : Inserted : Resident Evil Apocalypse (2004)
---------------------------------------------------------------------------------------------------
09-18-2016 05-42-00-0190 PM : Inserted : Regression (2015)
---------------------------------------------------------------------------------------------------
09-18-2016 05-42-00-0280 PM : Inserted : Regression (2015)
---------------------------------------------------------------------------------------------------
09-18-2016 05-42-00-0620 PM : Inserted : Regression (2015)
---------------------------------------------------------------------------------------------------
09-18-2016 05-42-00-0710 PM : Inserted : Regression (2015)
---------------------------------------------------------------------------------------------------
09-18-2016 05-42-00-0790 PM : Inserted : Regression (2015)
---------------------------------------------------------------------------------------------------
09-18-2016 05-42-00-0871 PM : Inserted : Regression (2015)
---------------------------------------------------------------------------------------------------
09-18-2016 05-42-00-0961 PM : Inserted : Regression (2015)
---------------------------------------------------------------------------------------------------
09-18-2016 05-42-00-1041 PM : Inserted : Regression (2015)
---------------------------------------------------------------------------------------------------
09-18-2016 05-42-00-1115 PM : Inserted : Regression (2015)
---------------------------------------------------------------------------------------------------
09-18-2016 05-42-00-1215 PM : Inserted : Red Road (2006)
---------------------------------------------------------------------------------------------------
09-18-2016 05-42-00-1290 PM : Inserted : Red Road (2006)
---------------------------------------------------------------------------------------------------
09-18-2016 05-42-00-1370 PM : Inserted : Red Road (2006)
---------------------------------------------------------------------------------------------------
09-18-2016 05-42-00-1445 PM : Inserted : Red Road (2006)
---------------------------------------------------------------------------------------------------
09-18-2016 05-42-00-1512 PM : Inserted : Red Road (2006)
---------------------------------------------------------------------------------------------------
09-18-2016 05-42-00-1580 PM : Inserted : Red Road (2006)
---------------------------------------------------------------------------------------------------
09-18-2016 05-42-00-1668 PM : Inserted : Red Road (2006)
---------------------------------------------------------------------------------------------------
09-18-2016 05-42-00-1757 PM : Inserted : Ratchet & Clank (2016)
---------------------------------------------------------------------------------------------------
09-18-2016 05-42-00-1827 PM : Inserted : Ratchet & Clank (2016)
---------------------------------------------------------------------------------------------------
09-18-2016 05-42-00-1917 PM : Inserted : Ratchet & Clank (2016)
---------------------------------------------------------------------------------------------------
09-18-2016 05-42-00-2017 PM : Inserted : Ratchet & Clank (2016)
---------------------------------------------------------------------------------------------------
09-18-2016 05-42-00-2097 PM : Inserted : Ratchet & Clank (2016)
---------------------------------------------------------------------------------------------------
09-18-2016 05-42-00-2177 PM : Inserted : Ratchet & Clank (2016)
---------------------------------------------------------------------------------------------------
09-18-2016 05-42-00-2497 PM : Inserted : Ratchet & Clank (2016)
---------------------------------------------------------------------------------------------------
09-18-2016 05-42-00-2577 PM : Inserted : Ratchet & Clank (2016)
---------------------------------------------------------------------------------------------------
09-18-2016 05-42-00-3598 PM : Inserted : Ratchet & Clank (2016)
---------------------------------------------------------------------------------------------------
09-18-2016 05-42-00-3688 PM : Inserted : Pyaar Ka Punchnama 2 (2015)
---------------------------------------------------------------------------------------------------
09-18-2016 05-42-00-3778 PM : Inserted : Pyaar Ka Punchnama 2 (2015)
---------------------------------------------------------------------------------------------------
09-18-2016 05-42-00-3848 PM : Inserted : Pyaar Ka Punchnama 2 (2015)
---------------------------------------------------------------------------------------------------
09-18-2016 05-42-00-3947 PM : Inserted : Puppet Master X Axis Rising (2012)
---------------------------------------------------------------------------------------------------
09-18-2016 05-42-00-4031 PM : Inserted : Puppet Master X Axis Rising (2012)
---------------------------------------------------------------------------------------------------
09-18-2016 05-42-00-4129 PM : Inserted : Puppet Master X Axis Rising (2012)
---------------------------------------------------------------------------------------------------
09-18-2016 05-42-00-4220 PM : Inserted : Puppet Master X Axis Rising (2012)
---------------------------------------------------------------------------------------------------
09-18-2016 05-42-00-4317 PM : Inserted : Puppet Master X Axis Rising (2012)
---------------------------------------------------------------------------------------------------
09-18-2016 05-42-00-4403 PM : Inserted : Predators.BluRay.1080p.x264.5.1.Judas
---------------------------------------------------------------------------------------------------
09-18-2016 05-42-00-4483 PM : Inserted : Predators.BluRay.1080p.x264.5.1.Judas
---------------------------------------------------------------------------------------------------
09-18-2016 05-42-00-4572 PM : Inserted : One Night Stand (2016)
---------------------------------------------------------------------------------------------------
09-18-2016 05-42-00-4642 PM : Inserted : One Night Stand (2016)
---------------------------------------------------------------------------------------------------
09-18-2016 05-42-00-4711 PM : Inserted : One Night Stand (2016)
---------------------------------------------------------------------------------------------------
09-18-2016 05-42-00-4799 PM : Inserted : One Night Stand (2016)
---------------------------------------------------------------------------------------------------
09-18-2016 05-42-00-4889 PM : Inserted : One Night Stand (2016)
---------------------------------------------------------------------------------------------------
09-18-2016 05-42-00-4969 PM : Inserted : Neighbors 2 Sorority Rising (2016)
---------------------------------------------------------------------------------------------------
09-18-2016 05-42-00-5086 PM : Inserted : Neighbors 2 Sorority Rising (2016)
---------------------------------------------------------------------------------------------------
09-18-2016 05-42-00-5189 PM : Inserted : Neighbors 2 Sorority Rising (2016)
---------------------------------------------------------------------------------------------------
09-18-2016 05-42-00-5279 PM : Inserted : Neighbors 2 Sorority Rising (2016)
---------------------------------------------------------------------------------------------------
09-18-2016 05-42-00-5390 PM : Inserted : Neighbors 2 Sorority Rising (2016)
---------------------------------------------------------------------------------------------------
09-18-2016 05-42-00-5480 PM : Inserted : Neighbors 2 Sorority Rising (2016)
---------------------------------------------------------------------------------------------------
09-18-2016 05-42-00-5780 PM : Inserted : Neighbors 2 Sorority Rising (2016)
---------------------------------------------------------------------------------------------------
09-18-2016 05-42-00-5870 PM : Inserted : Neighbors 2 Sorority Rising (2016)
---------------------------------------------------------------------------------------------------
09-18-2016 05-42-00-6200 PM : Inserted : London Has Fallen (2016)
---------------------------------------------------------------------------------------------------
09-18-2016 05-42-00-6530 PM : Inserted : London Has Fallen (2016)
---------------------------------------------------------------------------------------------------
09-18-2016 05-42-00-6620 PM : Inserted : London Has Fallen (2016)
---------------------------------------------------------------------------------------------------
09-18-2016 05-42-00-6710 PM : Inserted : London Has Fallen (2016)
---------------------------------------------------------------------------------------------------
09-18-2016 05-42-00-6902 PM : Inserted : London Has Fallen (2016)
---------------------------------------------------------------------------------------------------
09-18-2016 05-42-00-7010 PM : Inserted : London Has Fallen (2016)
---------------------------------------------------------------------------------------------------
09-18-2016 05-42-00-7083 PM : Inserted : London Has Fallen (2016)
---------------------------------------------------------------------------------------------------
09-18-2016 05-42-00-7154 PM : Inserted : London Has Fallen (2016)
---------------------------------------------------------------------------------------------------
09-18-2016 05-42-00-7244 PM : Inserted : LOL (2012)
---------------------------------------------------------------------------------------------------
09-18-2016 05-42-00-7315 PM : Inserted : LOL (2012)
---------------------------------------------------------------------------------------------------
09-18-2016 05-42-00-7395 PM : Inserted : LOL (2012)
---------------------------------------------------------------------------------------------------
09-18-2016 05-42-00-7492 PM : Inserted : LOL (2012)
---------------------------------------------------------------------------------------------------
09-18-2016 05-42-00-7562 PM : Inserted : LOL (2012)
---------------------------------------------------------------------------------------------------
09-18-2016 05-42-00-7642 PM : Inserted : LOL (2012)
---------------------------------------------------------------------------------------------------
09-18-2016 05-42-00-7983 PM : Inserted : LOL (2012)
---------------------------------------------------------------------------------------------------
09-18-2016 05-42-00-8063 PM : Inserted : LOL (2012)
---------------------------------------------------------------------------------------------------
09-18-2016 05-42-00-8143 PM : Inserted : LOL (2012)
---------------------------------------------------------------------------------------------------
09-18-2016 05-42-00-8273 PM : Inserted : LOL (2012)
---------------------------------------------------------------------------------------------------
09-18-2016 05-42-00-8393 PM : Inserted : Kochadaiiyaan 2014
---------------------------------------------------------------------------------------------------
09-18-2016 05-42-00-8503 PM : Inserted : Kochadaiiyaan 2014
---------------------------------------------------------------------------------------------------
09-18-2016 05-42-00-8583 PM : Inserted : Kochadaiiyaan 2014
---------------------------------------------------------------------------------------------------
09-18-2016 05-42-00-8663 PM : Inserted : Kochadaiiyaan 2014
---------------------------------------------------------------------------------------------------
09-18-2016 05-42-00-8763 PM : Inserted : Kochadaiiyaan 2014
---------------------------------------------------------------------------------------------------
09-18-2016 05-42-00-9173 PM : Inserted : Knock Knock 2015
---------------------------------------------------------------------------------------------------
09-18-2016 05-42-00-9474 PM : Inserted : Knock Knock 2015
---------------------------------------------------------------------------------------------------
09-18-2016 05-42-00-9554 PM : Inserted : Knock Knock 2015
---------------------------------------------------------------------------------------------------
09-18-2016 05-42-00-9660 PM : Inserted : Knock Knock 2015
---------------------------------------------------------------------------------------------------
09-18-2016 05-42-00-9730 PM : Inserted : Knock Knock 2015
---------------------------------------------------------------------------------------------------
09-18-2016 05-42-00-9834 PM : Inserted : Knock Knock 2015
---------------------------------------------------------------------------------------------------
09-18-2016 05-42-00-9902 PM : Inserted : Knock Knock 2015
---------------------------------------------------------------------------------------------------
09-18-2016 05-42-01-0002 PM : Inserted : Knock Knock 2015
---------------------------------------------------------------------------------------------------
09-18-2016 05-42-01-0092 PM : Inserted : Kabali (2016)
---------------------------------------------------------------------------------------------------
09-18-2016 05-42-01-0172 PM : Inserted : Kabali (2016)
---------------------------------------------------------------------------------------------------
09-18-2016 05-42-01-0492 PM : Inserted : Kabali (2016)
---------------------------------------------------------------------------------------------------
09-18-2016 05-42-01-0652 PM : Inserted : Kabali (2016)
---------------------------------------------------------------------------------------------------
09-18-2016 05-42-01-0752 PM : Inserted : Kabali (2016)
---------------------------------------------------------------------------------------------------
09-18-2016 05-42-01-1023 PM : Inserted : Junooniyat (2016)
---------------------------------------------------------------------------------------------------
09-18-2016 05-42-01-1133 PM : Inserted : Junooniyat (2016)
---------------------------------------------------------------------------------------------------
09-18-2016 05-42-01-1213 PM : Inserted : Junooniyat (2016)
---------------------------------------------------------------------------------------------------
09-18-2016 05-42-01-1543 PM : Inserted : Junooniyat (2016)
---------------------------------------------------------------------------------------------------
09-18-2016 05-42-01-1643 PM : Inserted : Julia X (2011)
---------------------------------------------------------------------------------------------------
09-18-2016 05-42-01-1723 PM : Inserted : Julia X (2011)
---------------------------------------------------------------------------------------------------
09-18-2016 05-42-01-1820 PM : Inserted : Julia X (2011)
---------------------------------------------------------------------------------------------------
09-18-2016 05-42-01-1922 PM : Inserted : Julia X (2011)
---------------------------------------------------------------------------------------------------
09-18-2016 05-42-01-1989 PM : Inserted : Julia X (2011)
---------------------------------------------------------------------------------------------------
09-18-2016 05-42-01-2079 PM : Inserted : Julia X (2011)
---------------------------------------------------------------------------------------------------
09-18-2016 05-42-01-2159 PM : Inserted : Julia X (2011)
---------------------------------------------------------------------------------------------------
09-18-2016 05-42-01-2229 PM : Inserted : Inside Out (2015)
---------------------------------------------------------------------------------------------------
09-18-2016 05-42-01-2309 PM : Inserted : Inside Out (2015)
---------------------------------------------------------------------------------------------------
09-18-2016 05-42-01-2379 PM : Inserted : Inside Out (2015)
---------------------------------------------------------------------------------------------------
09-18-2016 05-42-01-2454 PM : Inserted : Inside Out (2015)
---------------------------------------------------------------------------------------------------
09-18-2016 05-42-01-2534 PM : Inserted : Inside Out (2015)
---------------------------------------------------------------------------------------------------
09-18-2016 05-42-01-2614 PM : Inserted : Inside Out (2015)
---------------------------------------------------------------------------------------------------
09-18-2016 05-42-01-2694 PM : Inserted : Inside Out (2015)
---------------------------------------------------------------------------------------------------
09-18-2016 05-42-01-2784 PM : Inserted : Inside Out (2015)
---------------------------------------------------------------------------------------------------
09-18-2016 05-42-01-2884 PM : Inserted : I Love You Phillip Morris (2009)
---------------------------------------------------------------------------------------------------
09-18-2016 05-42-01-2985 PM : Inserted : I Love You Phillip Morris (2009)
---------------------------------------------------------------------------------------------------
09-18-2016 05-42-01-3054 PM : Inserted : I Love You Phillip Morris (2009)
---------------------------------------------------------------------------------------------------
09-18-2016 05-42-01-3135 PM : Inserted : I Love You Phillip Morris (2009)
---------------------------------------------------------------------------------------------------
09-18-2016 05-42-01-3245 PM : Inserted : I Love You Phillip Morris (2009)
---------------------------------------------------------------------------------------------------
09-18-2016 05-42-01-3355 PM : Inserted : I Love You Phillip Morris (2009)
---------------------------------------------------------------------------------------------------
09-18-2016 05-42-01-3675 PM : Inserted : I Love You Phillip Morris (2009)
---------------------------------------------------------------------------------------------------
09-18-2016 05-42-01-4205 PM : Inserted : I Love You Phillip Morris (2009)
---------------------------------------------------------------------------------------------------
09-18-2016 05-42-01-4473 PM : Inserted : I Love You Phillip Morris (2009)
---------------------------------------------------------------------------------------------------
09-18-2016 05-42-01-4553 PM : Inserted : I Love You Phillip Morris (2009)
---------------------------------------------------------------------------------------------------
09-18-2016 05-42-01-4707 PM : Inserted : Hostel (2005)
---------------------------------------------------------------------------------------------------
09-18-2016 05-42-01-4807 PM : Inserted : Hostel (2005)
---------------------------------------------------------------------------------------------------
09-18-2016 05-42-01-4887 PM : Inserted : Hostel (2005)
---------------------------------------------------------------------------------------------------
09-18-2016 05-42-01-4961 PM : Inserted : Hostel (2005)
---------------------------------------------------------------------------------------------------
09-18-2016 05-42-01-5044 PM : Inserted : Hostel (2005)
---------------------------------------------------------------------------------------------------
09-18-2016 05-42-01-5125 PM : Inserted : Hostel (2005)
---------------------------------------------------------------------------------------------------
09-18-2016 05-42-01-5415 PM : Inserted : Hostel (2005)
---------------------------------------------------------------------------------------------------
09-18-2016 05-42-01-5505 PM : Inserted : Hostel (2005)
---------------------------------------------------------------------------------------------------
09-18-2016 05-42-01-5635 PM : Inserted : Holidays (2016)
---------------------------------------------------------------------------------------------------
09-18-2016 05-42-01-5735 PM : Inserted : Holidays (2016)
---------------------------------------------------------------------------------------------------
09-18-2016 05-42-01-5815 PM : Inserted : Holidays (2016)
---------------------------------------------------------------------------------------------------
09-18-2016 05-42-01-5935 PM : Inserted : Holidays (2016)
---------------------------------------------------------------------------------------------------
09-18-2016 05-42-01-6025 PM : Inserted : Holidays (2016)
---------------------------------------------------------------------------------------------------
09-18-2016 05-42-01-6135 PM : Inserted : Holidays (2016)
---------------------------------------------------------------------------------------------------
09-18-2016 05-42-01-6225 PM : Inserted : Heartbreakers (2001)
---------------------------------------------------------------------------------------------------
09-18-2016 05-42-01-6325 PM : Inserted : Heartbreakers (2001)
---------------------------------------------------------------------------------------------------
09-18-2016 05-42-01-6746 PM : Inserted : Heartbreakers (2001)
---------------------------------------------------------------------------------------------------
09-18-2016 05-42-01-6836 PM : Inserted : Heartbreakers (2001)
---------------------------------------------------------------------------------------------------
09-18-2016 05-42-01-6908 PM : Inserted : Heartbreakers (2001)
---------------------------------------------------------------------------------------------------
09-18-2016 05-42-01-6991 PM : Inserted : Heartbreakers (2001)
---------------------------------------------------------------------------------------------------
09-18-2016 05-42-01-7081 PM : Inserted : Heartbreakers (2001)
---------------------------------------------------------------------------------------------------
09-18-2016 05-42-01-7181 PM : Inserted : Heartbreakers (2001)
---------------------------------------------------------------------------------------------------
09-18-2016 05-42-01-7251 PM : Inserted : Heartbreakers (2001)
---------------------------------------------------------------------------------------------------
09-18-2016 05-42-01-7361 PM : Inserted : Hard Target 2 (2016)
---------------------------------------------------------------------------------------------------
09-18-2016 05-42-01-7452 PM : Inserted : Hard Target 2 (2016)
---------------------------------------------------------------------------------------------------
09-18-2016 05-42-01-7642 PM : Inserted : Hard Target 2 (2016)
---------------------------------------------------------------------------------------------------
09-18-2016 05-42-01-7752 PM : Inserted : Hard Target 2 (2016)
---------------------------------------------------------------------------------------------------
09-18-2016 05-42-01-8142 PM : Inserted : Hard Target 2 (2016)
---------------------------------------------------------------------------------------------------
09-18-2016 05-42-01-8242 PM : Inserted : Hard Target 2 (2016)
---------------------------------------------------------------------------------------------------
09-18-2016 05-42-01-8393 PM : Inserted : Hard Target 2 (2016)
---------------------------------------------------------------------------------------------------
09-18-2016 05-42-01-8613 PM : Inserted : Hansel Vs. Gretel (2015)
---------------------------------------------------------------------------------------------------
09-18-2016 05-42-01-8713 PM : Inserted : Hansel Vs. Gretel (2015)
---------------------------------------------------------------------------------------------------
09-18-2016 05-42-01-8813 PM : Inserted : Hansel Vs. Gretel (2015)
---------------------------------------------------------------------------------------------------
09-18-2016 05-42-01-8903 PM : Inserted : Hansel Vs. Gretel (2015)
---------------------------------------------------------------------------------------------------
09-18-2016 05-42-01-9023 PM : Inserted : Hansel Vs. Gretel (2015)
---------------------------------------------------------------------------------------------------
09-18-2016 05-42-01-9343 PM : Inserted : Hansel Vs. Gretel (2015)
---------------------------------------------------------------------------------------------------
09-18-2016 05-42-01-9423 PM : Inserted : Friend Request (2016)
---------------------------------------------------------------------------------------------------
09-18-2016 05-42-01-9496 PM : Inserted : Friend Request (2016)
---------------------------------------------------------------------------------------------------
09-18-2016 05-42-01-9566 PM : Inserted : Friend Request (2016)
---------------------------------------------------------------------------------------------------
09-18-2016 05-42-01-9646 PM : Inserted : Friend Request (2016)
---------------------------------------------------------------------------------------------------
09-18-2016 05-42-01-9726 PM : Inserted : Friend Request (2016)
---------------------------------------------------------------------------------------------------
09-18-2016 05-42-01-9790 PM : Inserted : Friend Request (2016)
---------------------------------------------------------------------------------------------------
09-18-2016 05-42-01-9870 PM : Inserted : Flatliners (1990)
---------------------------------------------------------------------------------------------------
09-18-2016 05-42-01-9940 PM : Inserted : Flatliners (1990)
---------------------------------------------------------------------------------------------------
09-18-2016 05-42-02-0070 PM : Inserted : Flatliners (1990)
---------------------------------------------------------------------------------------------------
09-18-2016 05-42-02-0151 PM : Inserted : Flatliners (1990)
---------------------------------------------------------------------------------------------------
09-18-2016 05-42-02-0291 PM : Inserted : Flatliners (1990)
---------------------------------------------------------------------------------------------------
09-18-2016 05-42-02-0391 PM : Inserted : Flatliners (1990)
---------------------------------------------------------------------------------------------------
09-18-2016 05-42-02-0491 PM : Inserted : Flatliners (1990)
---------------------------------------------------------------------------------------------------
09-18-2016 05-42-02-0961 PM : Inserted : Flatliners (1990)
---------------------------------------------------------------------------------------------------
09-18-2016 05-42-02-1161 PM : Inserted : Flatliners (1990)
---------------------------------------------------------------------------------------------------
09-18-2016 05-42-02-1281 PM : Inserted : Finding Dory (2016)
---------------------------------------------------------------------------------------------------
09-18-2016 05-42-02-1347 PM : Inserted : Finding Dory (2016)
---------------------------------------------------------------------------------------------------
09-18-2016 05-42-02-1458 PM : Inserted : Finding Dory (2016)
---------------------------------------------------------------------------------------------------
09-18-2016 05-42-02-1568 PM : Inserted : Finding Dory (2016)
---------------------------------------------------------------------------------------------------
09-18-2016 05-42-02-1672 PM : Inserted : Finding Dory (2016)
---------------------------------------------------------------------------------------------------
09-18-2016 05-42-02-1766 PM : Inserted : Final Destination 3 (2006)
---------------------------------------------------------------------------------------------------
09-18-2016 05-42-02-1871 PM : Inserted : Final Destination 3 (2006)
---------------------------------------------------------------------------------------------------
09-18-2016 05-42-02-1966 PM : Inserted : Final Destination 3 (2006)
---------------------------------------------------------------------------------------------------
09-18-2016 05-42-02-2066 PM : Inserted : Final Destination 3 (2006)
---------------------------------------------------------------------------------------------------
09-18-2016 05-42-02-2156 PM : Inserted : Final Destination 3 (2006)
---------------------------------------------------------------------------------------------------
09-18-2016 05-42-02-2236 PM : Inserted : Final Destination 3 (2006)
---------------------------------------------------------------------------------------------------
09-18-2016 05-42-02-2346 PM : Inserted : Final Destination 3 (2006)
---------------------------------------------------------------------------------------------------
09-18-2016 05-42-02-2458 PM : Inserted : Final Destination 3 (2006)
---------------------------------------------------------------------------------------------------
09-18-2016 05-42-02-2628 PM : Inserted : Final Destination 3 (2006)
---------------------------------------------------------------------------------------------------
09-18-2016 05-42-02-2758 PM : Inserted : Final Destination 3 (2006)
---------------------------------------------------------------------------------------------------
09-18-2016 05-42-02-2886 PM : Inserted : Epic (2013)
---------------------------------------------------------------------------------------------------
09-18-2016 05-42-02-3002 PM : Inserted : Epic (2013)
---------------------------------------------------------------------------------------------------
09-18-2016 05-42-02-3123 PM : Inserted : Epic (2013)
---------------------------------------------------------------------------------------------------
09-18-2016 05-42-02-3226 PM : Inserted : Epic (2013)
---------------------------------------------------------------------------------------------------
09-18-2016 05-42-02-3345 PM : Inserted : Epic (2013)
---------------------------------------------------------------------------------------------------
09-18-2016 05-42-02-3425 PM : Inserted : Epic (2013)
---------------------------------------------------------------------------------------------------
09-18-2016 05-42-02-3508 PM : Inserted : Epic (2013)
---------------------------------------------------------------------------------------------------
09-18-2016 05-42-02-3628 PM : Inserted : Epic (2013)
---------------------------------------------------------------------------------------------------
09-18-2016 05-42-02-3738 PM : Inserted : Epic (2013)
---------------------------------------------------------------------------------------------------
09-18-2016 05-42-02-3827 PM : Inserted : Epic (2013)
---------------------------------------------------------------------------------------------------
09-18-2016 05-42-02-3914 PM : Inserted : Despicable Me 2 (2013)
---------------------------------------------------------------------------------------------------
09-18-2016 05-42-02-4010 PM : Inserted : Despicable Me 2 (2013)
---------------------------------------------------------------------------------------------------
09-18-2016 05-42-02-4110 PM : Inserted : Despicable Me 2 (2013)
---------------------------------------------------------------------------------------------------
09-18-2016 05-42-02-4197 PM : Inserted : Despicable Me 2 (2013)
---------------------------------------------------------------------------------------------------
09-18-2016 05-42-02-4277 PM : Inserted : Despicable Me 2 (2013)
---------------------------------------------------------------------------------------------------
09-18-2016 05-42-02-4360 PM : Inserted : Despicable Me 2 (2013)
---------------------------------------------------------------------------------------------------
09-18-2016 05-42-02-4440 PM : Inserted : Despicable Me 2 (2013)
---------------------------------------------------------------------------------------------------
09-18-2016 05-42-02-4524 PM : Inserted : Despicable Me 2 (2013)
---------------------------------------------------------------------------------------------------
09-18-2016 05-42-02-4614 PM : Inserted : Despicable Me 2 (2013)
---------------------------------------------------------------------------------------------------
09-18-2016 05-42-02-4681 PM : Inserted : Dead.Rising.Endgame.2016.WEBRip.x264-[eSc]
---------------------------------------------------------------------------------------------------
09-18-2016 05-42-02-4802 PM : Inserted : Daylight's End (2016)
---------------------------------------------------------------------------------------------------
09-18-2016 05-42-02-4912 PM : Inserted : Daylight's End (2016)
---------------------------------------------------------------------------------------------------
09-18-2016 05-42-02-4992 PM : Inserted : Daylight's End (2016)
---------------------------------------------------------------------------------------------------
09-18-2016 05-42-02-5091 PM : Inserted : Daylight's End (2016)
---------------------------------------------------------------------------------------------------
09-18-2016 05-42-02-5181 PM : Inserted : Daylight's End (2016)
---------------------------------------------------------------------------------------------------
09-18-2016 05-42-02-5291 PM : Inserted : Crows Zero II (2009)
---------------------------------------------------------------------------------------------------
09-18-2016 05-42-02-5387 PM : Inserted : Crows Zero II (2009)
---------------------------------------------------------------------------------------------------
09-18-2016 05-42-02-5462 PM : Inserted : Crows Zero II (2009)
---------------------------------------------------------------------------------------------------
09-18-2016 05-42-02-5543 PM : Inserted : Crows Zero II (2009)
---------------------------------------------------------------------------------------------------
09-18-2016 05-42-02-5622 PM : Inserted : Crimson Peak (2015)
---------------------------------------------------------------------------------------------------
09-18-2016 05-42-02-5693 PM : Inserted : Crimson Peak (2015)
---------------------------------------------------------------------------------------------------
09-18-2016 05-42-02-5797 PM : Inserted : Crimson Peak (2015)
---------------------------------------------------------------------------------------------------
09-18-2016 05-42-02-5896 PM : Inserted : Crimson Peak (2015)
---------------------------------------------------------------------------------------------------
09-18-2016 05-42-02-6016 PM : Inserted : Crimson Peak (2015)
---------------------------------------------------------------------------------------------------
09-18-2016 05-42-02-6105 PM : Inserted : Crimson Peak (2015)
---------------------------------------------------------------------------------------------------
09-18-2016 05-42-02-6215 PM : Inserted : Crimson Peak (2015)
---------------------------------------------------------------------------------------------------
09-18-2016 05-42-02-6315 PM : Inserted : Crimson Peak (2015)
---------------------------------------------------------------------------------------------------
09-18-2016 05-42-02-6427 PM : Inserted : Contracted (2013)
---------------------------------------------------------------------------------------------------
09-18-2016 05-42-02-6549 PM : Inserted : Contracted (2013)
---------------------------------------------------------------------------------------------------
09-18-2016 05-42-02-6641 PM : Inserted : Contracted (2013)
---------------------------------------------------------------------------------------------------
09-18-2016 05-42-02-6741 PM : Inserted : Contracted (2013)
---------------------------------------------------------------------------------------------------
09-18-2016 05-42-02-6851 PM : Inserted : Contracted (2013)
---------------------------------------------------------------------------------------------------
09-18-2016 05-42-02-6949 PM : Inserted : Contracted (2013)
---------------------------------------------------------------------------------------------------
09-18-2016 05-42-02-7029 PM : Inserted : Contracted (2013)
---------------------------------------------------------------------------------------------------
09-18-2016 05-42-02-7109 PM : Inserted : Contracted (2013)
---------------------------------------------------------------------------------------------------
09-18-2016 05-42-02-7209 PM : Inserted : Contracted (2013)
---------------------------------------------------------------------------------------------------
09-18-2016 05-42-02-7278 PM : Inserted : Closer to God (2015)
---------------------------------------------------------------------------------------------------
09-18-2016 05-42-02-7388 PM : Inserted : Closer to God (2015)
---------------------------------------------------------------------------------------------------
09-18-2016 05-42-02-7489 PM : Inserted : Closer to God (2015)
---------------------------------------------------------------------------------------------------
09-18-2016 05-42-02-7576 PM : Inserted : Closer to God (2015)
---------------------------------------------------------------------------------------------------
09-18-2016 05-42-02-7656 PM : Inserted : Closer to God (2015)
---------------------------------------------------------------------------------------------------
09-18-2016 05-42-02-7755 PM : Inserted : Closer to God (2015)
---------------------------------------------------------------------------------------------------
09-18-2016 05-42-02-7826 PM : Inserted : Cabin Fever (2003)
---------------------------------------------------------------------------------------------------
09-18-2016 05-42-02-7930 PM : Inserted : Cabin Fever (2003)
---------------------------------------------------------------------------------------------------
09-18-2016 05-42-02-8040 PM : Inserted : Cabin Fever (2003)
---------------------------------------------------------------------------------------------------
09-18-2016 05-42-02-8153 PM : Inserted : Cabin Fever (2003)
---------------------------------------------------------------------------------------------------
09-18-2016 05-42-02-8239 PM : Inserted : Cabin Fever (2003)
---------------------------------------------------------------------------------------------------
09-18-2016 05-42-02-8360 PM : Inserted : Cabin Fever (2003)
---------------------------------------------------------------------------------------------------
09-18-2016 05-42-02-8450 PM : Inserted : Cabin Fever (2003)
---------------------------------------------------------------------------------------------------
09-18-2016 05-42-02-8546 PM : Inserted : Cabin Fever (2003)
---------------------------------------------------------------------------------------------------
09-18-2016 05-42-02-8636 PM : Inserted : Blood Rage (1987)
---------------------------------------------------------------------------------------------------
09-18-2016 05-42-02-8746 PM : Inserted : Blood Rage (1987)
---------------------------------------------------------------------------------------------------
09-18-2016 05-42-02-8831 PM : Inserted : Blood Rage (1987)
---------------------------------------------------------------------------------------------------
09-18-2016 05-42-02-8927 PM : Inserted : Blood Rage (1987)
---------------------------------------------------------------------------------------------------
09-18-2016 05-42-02-9017 PM : Inserted : Blood Rage (1987)
---------------------------------------------------------------------------------------------------
09-18-2016 05-42-02-9106 PM : Inserted : Blood Rage (1987)
---------------------------------------------------------------------------------------------------
09-18-2016 05-42-02-9206 PM : Inserted : Blood and Bone (2009)
---------------------------------------------------------------------------------------------------
09-18-2016 05-42-02-9299 PM : Inserted : Blood and Bone (2009)
---------------------------------------------------------------------------------------------------
09-18-2016 05-42-02-9379 PM : Inserted : Blood and Bone (2009)
---------------------------------------------------------------------------------------------------
09-18-2016 05-42-02-9449 PM : Inserted : Blood and Bone (2009)
---------------------------------------------------------------------------------------------------
09-18-2016 05-42-02-9529 PM : Inserted : Blood and Bone (2009)
---------------------------------------------------------------------------------------------------
09-18-2016 05-42-02-9599 PM : Inserted : Blood and Bone (2009)
---------------------------------------------------------------------------------------------------
09-18-2016 05-42-02-9674 PM : Inserted : Blood and Bone (2009)
---------------------------------------------------------------------------------------------------
09-18-2016 05-42-02-9754 PM : Inserted : Blood and Bone (2009)
---------------------------------------------------------------------------------------------------
09-18-2016 05-42-02-9825 PM : Inserted : Blood and Bone (2009)
---------------------------------------------------------------------------------------------------
09-18-2016 05-42-02-9897 PM : Inserted : Blood and Bone (2009)
---------------------------------------------------------------------------------------------------
09-18-2016 05-42-02-9967 PM : Inserted : Black Mountain Side (2016)
---------------------------------------------------------------------------------------------------
09-18-2016 05-42-03-0040 PM : Inserted : Black Mountain Side (2016)
---------------------------------------------------------------------------------------------------
09-18-2016 05-42-03-0117 PM : Inserted : Black Mountain Side (2016)
---------------------------------------------------------------------------------------------------
09-18-2016 05-42-03-0197 PM : Inserted : Black Mountain Side (2016)
---------------------------------------------------------------------------------------------------
09-18-2016 05-42-03-0265 PM : Inserted : Bite (2015)
---------------------------------------------------------------------------------------------------
09-18-2016 05-42-03-0335 PM : Inserted : Bite (2015)
---------------------------------------------------------------------------------------------------
09-18-2016 05-42-03-0415 PM : Inserted : Bite (2015)
---------------------------------------------------------------------------------------------------
09-18-2016 05-42-03-0485 PM : Inserted : Bite (2015)
---------------------------------------------------------------------------------------------------
09-18-2016 05-42-03-0555 PM : Inserted : Bite (2015)
---------------------------------------------------------------------------------------------------
09-18-2016 05-42-03-0628 PM : Inserted : Bite (2015)
---------------------------------------------------------------------------------------------------
09-18-2016 05-42-03-0704 PM : Inserted : Bite (2015)
---------------------------------------------------------------------------------------------------
09-18-2016 05-42-03-0794 PM : Inserted : Behaving Badly (2014)
---------------------------------------------------------------------------------------------------
09-18-2016 05-42-03-0892 PM : Inserted : Behaving Badly (2014)
---------------------------------------------------------------------------------------------------
09-18-2016 05-42-03-0994 PM : Inserted : Behaving Badly (2014)
---------------------------------------------------------------------------------------------------
09-18-2016 05-42-03-1061 PM : Inserted : Behaving Badly (2014)
---------------------------------------------------------------------------------------------------
09-18-2016 05-42-03-1152 PM : Inserted : Behaving Badly (2014)
---------------------------------------------------------------------------------------------------
09-18-2016 05-42-03-1223 PM : Inserted : Behaving Badly (2014)
---------------------------------------------------------------------------------------------------
09-18-2016 05-42-03-1296 PM : Inserted : Behaving Badly (2014)
---------------------------------------------------------------------------------------------------
09-18-2016 05-42-03-1365 PM : Inserted : Before I Wake (2016)
---------------------------------------------------------------------------------------------------
09-18-2016 05-42-03-1435 PM : Inserted : Before I Wake (2016)
---------------------------------------------------------------------------------------------------
09-18-2016 05-42-03-1516 PM : Inserted : Before I Wake (2016)
---------------------------------------------------------------------------------------------------
09-18-2016 05-42-03-1579 PM : Inserted : Before I Wake (2016)
---------------------------------------------------------------------------------------------------
09-18-2016 05-42-03-1659 PM : Inserted : Before I Wake (2016)
---------------------------------------------------------------------------------------------------
09-18-2016 05-42-03-1729 PM : Inserted : Before I Wake (2016)
---------------------------------------------------------------------------------------------------
09-18-2016 05-42-03-1809 PM : Inserted : Batman The Killing Joke (2016)
---------------------------------------------------------------------------------------------------
09-18-2016 05-42-03-1879 PM : Inserted : Batman The Killing Joke (2016)
---------------------------------------------------------------------------------------------------
09-18-2016 05-42-03-1951 PM : Inserted : Batman The Killing Joke (2016)
---------------------------------------------------------------------------------------------------
09-18-2016 05-42-03-2031 PM : Inserted : Batman The Killing Joke (2016)
---------------------------------------------------------------------------------------------------
09-18-2016 05-42-03-2101 PM : Inserted : Batman The Killing Joke (2016)
---------------------------------------------------------------------------------------------------
09-18-2016 05-42-03-2181 PM : Inserted : Batman The Killing Joke (2016)
---------------------------------------------------------------------------------------------------
09-18-2016 05-42-03-2251 PM : Inserted : Anarchy Parlor (2015)
---------------------------------------------------------------------------------------------------
09-18-2016 05-42-03-2322 PM : Inserted : Anarchy Parlor (2015)
---------------------------------------------------------------------------------------------------
09-18-2016 05-42-03-2400 PM : Inserted : Anarchy Parlor (2015)
---------------------------------------------------------------------------------------------------
09-18-2016 05-42-03-2481 PM : Inserted : Anarchy Parlor (2015)
---------------------------------------------------------------------------------------------------
09-18-2016 05-42-03-2550 PM : Inserted : Anarchy Parlor (2015)
---------------------------------------------------------------------------------------------------
09-18-2016 05-42-03-2618 PM : Inserted : Anarchy Parlor (2015)
---------------------------------------------------------------------------------------------------
09-18-2016 05-42-03-2698 PM : Inserted : Akira (2016)
---------------------------------------------------------------------------------------------------
09-18-2016 05-42-03-2778 PM : Inserted : Akira (2016)
---------------------------------------------------------------------------------------------------
09-18-2016 05-42-03-2848 PM : Inserted : Akira (2016)
---------------------------------------------------------------------------------------------------
09-18-2016 05-42-03-2928 PM : Inserted : Akira (2016)
---------------------------------------------------------------------------------------------------
09-18-2016 05-42-03-2998 PM : Inserted : Akira (2016)
---------------------------------------------------------------------------------------------------
09-18-2016 05-42-03-3078 PM : Inserted : Absolutely Anything 2015
---------------------------------------------------------------------------------------------------
09-18-2016 05-42-03-3149 PM : Inserted : Absolutely Anything 2015
---------------------------------------------------------------------------------------------------
09-18-2016 05-42-03-3219 PM : Inserted : Absolutely Anything 2015
---------------------------------------------------------------------------------------------------
09-18-2016 05-42-03-3292 PM : Inserted : Absolutely Anything 2015
---------------------------------------------------------------------------------------------------
09-18-2016 05-42-03-3362 PM : Inserted : Absolutely Anything 2015
---------------------------------------------------------------------------------------------------
09-18-2016 05-42-03-3432 PM : Inserted : Absolutely Anything 2015
---------------------------------------------------------------------------------------------------
09-18-2016 05-42-03-3512 PM : Inserted : Absolutely Anything 2015
---------------------------------------------------------------------------------------------------
09-18-2016 05-42-03-3583 PM : Inserted : Absolutely Anything 2015
---------------------------------------------------------------------------------------------------
09-18-2016 05-42-03-3654 PM : Inserted : A Flying Jatt (2016)
---------------------------------------------------------------------------------------------------
09-18-2016 05-42-03-3726 PM : Inserted : A Flying Jatt (2016)
---------------------------------------------------------------------------------------------------
09-18-2016 05-42-03-3806 PM : Inserted : A Flying Jatt (2016)
---------------------------------------------------------------------------------------------------
09-18-2016 05-42-03-3886 PM : Inserted : A Flying Jatt (2016)
---------------------------------------------------------------------------------------------------
09-18-2016 05-42-03-3956 PM : Inserted : A Flying Jatt (2016)
---------------------------------------------------------------------------------------------------
09-18-2016 05-42-03-4026 PM : Inserted : 13 Hours The Secret Soldiers of Benghazi (2016)
---------------------------------------------------------------------------------------------------
09-18-2016 05-42-03-4106 PM : Inserted : 13 Hours The Secret Soldiers of Benghazi (2016)
---------------------------------------------------------------------------------------------------
09-18-2016 05-42-03-4176 PM : Inserted : 13 Hours The Secret Soldiers of Benghazi (2016)
---------------------------------------------------------------------------------------------------
09-18-2016 05-42-03-4250 PM : Inserted : 13 Hours The Secret Soldiers of Benghazi (2016)
---------------------------------------------------------------------------------------------------
09-18-2016 05-42-03-4320 PM : Inserted : 13 Hours The Secret Soldiers of Benghazi (2016)
---------------------------------------------------------------------------------------------------
09-18-2016 05-42-03-4410 PM : Inserted : 13 Hours The Secret Soldiers of Benghazi (2016)
---------------------------------------------------------------------------------------------------
09-18-2016 05-42-03-4490 PM : Inserted : 13 Hours The Secret Soldiers of Benghazi (2016)
---------------------------------------------------------------------------------------------------
09-18-2016 05-42-03-4560 PM : Inserted : 13 Hours The Secret Soldiers of Benghazi (2016)
---------------------------------------------------------------------------------------------------
09-18-2016 05-42-03-4640 PM : Inserted : 13 Hours The Secret Soldiers of Benghazi (2016)
---------------------------------------------------------------------------------------------------
09-18-2016 05-42-03-4707 PM : Inserted : 10 Cloverfield Lane 2016
---------------------------------------------------------------------------------------------------
09-18-2016 05-42-03-4776 PM : Inserted : 10 Cloverfield Lane 2016
---------------------------------------------------------------------------------------------------
09-18-2016 05-42-03-4846 PM : Inserted : 10 Cloverfield Lane 2016
---------------------------------------------------------------------------------------------------
09-18-2016 05-42-03-4926 PM : Inserted : 10 Cloverfield Lane 2016
---------------------------------------------------------------------------------------------------
09-18-2016 05-42-03-4996 PM : Inserted : 10 Cloverfield Lane 2016
---------------------------------------------------------------------------------------------------
09-18-2016 05-42-03-5099 PM : Inserted : 10 Cloverfield Lane 2016
---------------------------------------------------------------------------------------------------
09-18-2016 05-42-03-5179 PM : Inserted : 10 Cloverfield Lane 2016
---------------------------------------------------------------------------------------------------
09-18-2016 05-42-03-5249 PM : Inserted : 10 Cloverfield Lane 2016
---------------------------------------------------------------------------------------------------
09-18-2016 05-42-03-5259 PM : All 668 records are inserted.
---------------------------------------------------------------------------------------------------
Source     	  :mscorlib
Method     	  :StringToNumber
Date       	  :09-22-2016
Time       	  :09-30-22-7993 PM
Computer   	  :AKSHAY
Error      	  :Input string was not in a correct format.
Stack Trace	  :at System.Number.StringToNumber(String str, NumberStyles options, NumberBuffer& number, NumberFormatInfo info, Boolean parseDecimal)
   at System.Number.ParseInt32(String s, NumberStyles style, NumberFormatInfo info)
   at System.Int32.Parse(String s)
   at ut_amc_automation.CustomeFilebot.ExtractMovieData(String rawData)
---------------------------------------------------------------------------------------------------
